

*******************************************************************************
Tue Nov  8 13:47:41 2022


FIT:    data read from "data.dat"
        format = z
        #datapoints = 15
        residuals are weighted equally (unit weight)

function used for fitting: f(x)
	f(x) = a*x*log(b*x)
fitted parameters initialized with current variable values

iter      chisq       delta/lim  lambda   a             b            
   0 1.0107601134e+17   0.00e+00  5.82e+07    1.000000e+00   1.000000e+00
   5 2.8951222219e-02  -1.71e-07  5.82e+02    1.870875e-08   9.412231e-01

After 5 iterations the fit converged.
final sum of squares of residuals : 0.0289512
rel. change during last iteration : -1.71068e-12

degrees of freedom    (FIT_NDF)                        : 13
rms of residuals      (FIT_STDFIT) = sqrt(WSSR/ndf)    : 0.0471913
variance of residuals (reduced chisquare) = WSSR/ndf   : 0.00222702

Final set of parameters            Asymptotic Standard Error
=======================            ==========================
a               = 1.87088e-08      +/- 5.272e-09    (28.18%)
b               = 0.941223         +/- 4.338        (460.9%)

correlation matrix of the fit parameters:
                a      b      
a               1.000 
b              -1.000  1.000 





*******************************************************************************
Tue Nov  8 14:16:33 2022


FIT:    data read from "error.dat"
        format = z
        x range restricted to [0.00000 : 1.80000e+07]
        #datapoints = 15
        residuals are weighted equally (unit weight)

function used for fitting: f(x)
	f(x) = a*x+b
fitted parameters initialized with current variable values

iter      chisq       delta/lim  lambda   a             b            
   0 3.7530002591e+14   0.00e+00  3.54e+06    1.000000e+00   1.000000e+00
   4 1.2043186150e+01  -1.96e-01  3.54e+02   -7.635215e-08   9.999989e-01

After 4 iterations the fit converged.
final sum of squares of residuals : 12.0432
rel. change during last iteration : -1.95814e-06

degrees of freedom    (FIT_NDF)                        : 13
rms of residuals      (FIT_STDFIT) = sqrt(WSSR/ndf)    : 0.962496
variance of residuals (reduced chisquare) = WSSR/ndf   : 0.926399

Final set of parameters            Asymptotic Standard Error
=======================            ==========================
a               = -7.63522e-08     +/- 5.555e-08    (72.75%)
b               = 0.999999         +/- 0.2778       (27.78%)

correlation matrix of the fit parameters:
                a      b      
a               1.000 
b              -0.447  1.000 


*******************************************************************************
Tue Nov  8 14:17:27 2022


FIT:    data read from "error.dat"
        format = z
        x range restricted to [0.00000 : 1.80000e+07]
        #datapoints = 15
        residuals are weighted equally (unit weight)

function used for fitting: g(y)
	g(y) = c*y+d
fitted parameters initialized with current variable values

iter      chisq       delta/lim  lambda   c             d            
   0 1.4231085002e+01   0.00e+00  7.07e-01    1.000000e+00   1.000000e+00
BREAK: Singular matrix in Invert_RtR

*******************************************************************************
Tue Nov  8 14:18:11 2022


FIT:    data read from "error.dat"
        format = z
        #datapoints = 15
        residuals are weighted equally (unit weight)

function used for fitting: f(x)
	f(x) = a*x+b
fitted parameters initialized with current variable values

iter      chisq       delta/lim  lambda   a             b            
   0 3.7530002591e+14   0.00e+00  3.54e+06    1.000000e+00   1.000000e+00
   4 1.2043186150e+01  -1.96e-01  3.54e+02   -7.635215e-08   9.999989e-01

After 4 iterations the fit converged.
final sum of squares of residuals : 12.0432
rel. change during last iteration : -1.95814e-06

degrees of freedom    (FIT_NDF)                        : 13
rms of residuals      (FIT_STDFIT) = sqrt(WSSR/ndf)    : 0.962496
variance of residuals (reduced chisquare) = WSSR/ndf   : 0.926399

Final set of parameters            Asymptotic Standard Error
=======================            ==========================
a               = -7.63522e-08     +/- 5.555e-08    (72.75%)
b               = 0.999999         +/- 0.2778       (27.78%)

correlation matrix of the fit parameters:
                a      b      
a               1.000 
b              -0.447  1.000 
