The system is: Linux - 5.6.15-300.fc32.x86_64 - x86_64
Compiling the C compiler identification source file "CMakeCCompilerId.c" succeeded.
Compiler: /usr/bin/cc 
Build flags: 
Id flags:  

The output was:
0


Compilation of the C compiler identification source "CMakeCCompilerId.c" produced "a.out"

The C compiler identification is GNU, found in "/home/daniel/Git/DGIIM/Primero/2 Cuatrimestre/MP/Ejercicios/RedMetro/cmake-build-debug/CMakeFiles/3.16.5/CompilerIdC/a.out"

Compiling the CXX compiler identification source file "CMakeCXXCompilerId.cpp" succeeded.
Compiler: /usr/bin/c++ 
Build flags: 
Id flags:  

The output was:
0


Compilation of the CXX compiler identification source "CMakeCXXCompilerId.cpp" produced "a.out"

The CXX compiler identification is GNU, found in "/home/daniel/Git/DGIIM/Primero/2 Cuatrimestre/MP/Ejercicios/RedMetro/cmake-build-debug/CMakeFiles/3.16.5/CompilerIdCXX/a.out"

Determining if the C compiler works passed with the following output:
Change Dir: /home/daniel/Git/DGIIM/Primero/2 Cuatrimestre/MP/Ejercicios/RedMetro/cmake-build-debug/CMakeFiles/CMakeTmp

Run Build Command(s):/usr/bin/gmake cmTC_a547c/fast && /usr/bin/gmake -f CMakeFiles/cmTC_a547c.dir/build.make CMakeFiles/cmTC_a547c.dir/build
gmake[1]: se entra en el directorio '/home/daniel/Git/DGIIM/Primero/2 Cuatrimestre/MP/Ejercicios/RedMetro/cmake-build-debug/CMakeFiles/CMakeTmp'
Building C object CMakeFiles/cmTC_a547c.dir/testCCompiler.c.o
/usr/bin/cc    -o CMakeFiles/cmTC_a547c.dir/testCCompiler.c.o   -c "/home/daniel/Git/DGIIM/Primero/2 Cuatrimestre/MP/Ejercicios/RedMetro/cmake-build-debug/CMakeFiles/CMakeTmp/testCCompiler.c"
Linking C executable cmTC_a547c
/home/daniel/.local/share/JetBrains/Toolbox/apps/CLion/ch-0/201.7846.88/bin/cmake/linux/bin/cmake -E cmake_link_script CMakeFiles/cmTC_a547c.dir/link.txt --verbose=1
/usr/bin/cc      CMakeFiles/cmTC_a547c.dir/testCCompiler.c.o  -o cmTC_a547c 
gmake[1]: se sale del directorio '/home/daniel/Git/DGIIM/Primero/2 Cuatrimestre/MP/Ejercicios/RedMetro/cmake-build-debug/CMakeFiles/CMakeTmp'



Detecting C compiler ABI info compiled with the following output:
Change Dir: /home/daniel/Git/DGIIM/Primero/2 Cuatrimestre/MP/Ejercicios/RedMetro/cmake-build-debug/CMakeFiles/CMakeTmp

Run Build Command(s):/usr/bin/gmake cmTC_8a2ee/fast && /usr/bin/gmake -f CMakeFiles/cmTC_8a2ee.dir/build.make CMakeFiles/cmTC_8a2ee.dir/build
gmake[1]: Entering directory '/home/daniel/Git/DGIIM/Primero/2 Cuatrimestre/MP/Ejercicios/RedMetro/cmake-build-debug/CMakeFiles/CMakeTmp'
Building C object CMakeFiles/cmTC_8a2ee.dir/CMakeCCompilerABI.c.o
/usr/bin/cc   -v -o CMakeFiles/cmTC_8a2ee.dir/CMakeCCompilerABI.c.o   -c /home/daniel/.local/share/JetBrains/Toolbox/apps/CLion/ch-0/201.7846.88/bin/cmake/linux/share/cmake-3.16/Modules/CMakeCCompilerABI.c
Using built-in specs.
COLLECT_GCC=/usr/bin/cc
OFFLOAD_TARGET_NAMES=nvptx-none
OFFLOAD_TARGET_DEFAULT=1
Target: x86_64-redhat-linux
Configured with: ../configure --enable-bootstrap --enable-languages=c,c++,fortran,objc,obj-c++,ada,go,d,lto --prefix=/usr --mandir=/usr/share/man --infodir=/usr/share/info --with-bugurl=http://bugzilla.redhat.com/bugzilla --enable-shared --enable-threads=posix --enable-checking=release --enable-multilib --with-system-zlib --enable-__cxa_atexit --disable-libunwind-exceptions --enable-gnu-unique-object --enable-linker-build-id --with-gcc-major-version-only --with-linker-hash-style=gnu --enable-plugin --enable-initfini-array --with-isl --enable-offload-targets=nvptx-none --without-cuda-driver --enable-gnu-indirect-function --enable-cet --with-tune=generic --with-arch_32=i686 --build=x86_64-redhat-linux
Thread model: posix
Supported LTO compression algorithms: zlib zstd
gcc version 10.1.1 20200507 (Red Hat 10.1.1-1) (GCC) 
COLLECT_GCC_OPTIONS='-v' '-o' 'CMakeFiles/cmTC_8a2ee.dir/CMakeCCompilerABI.c.o' '-c' '-mtune=generic' '-march=x86-64'
 /usr/libexec/gcc/x86_64-redhat-linux/10/cc1 -quiet -v /home/daniel/.local/share/JetBrains/Toolbox/apps/CLion/ch-0/201.7846.88/bin/cmake/linux/share/cmake-3.16/Modules/CMakeCCompilerABI.c -quiet -dumpbase CMakeCCompilerABI.c -mtune=generic -march=x86-64 -auxbase-strip CMakeFiles/cmTC_8a2ee.dir/CMakeCCompilerABI.c.o -version -o /tmp/ccAZ0P2U.s
GNU C17 (GCC) version 10.1.1 20200507 (Red Hat 10.1.1-1) (x86_64-redhat-linux)
	compiled by GNU C version 10.1.1 20200507 (Red Hat 10.1.1-1), GMP version 6.1.2, MPFR version 4.0.2-p7, MPC version 1.1.0, isl version isl-0.16.1-GMP

GGC heuristics: --param ggc-min-expand=100 --param ggc-min-heapsize=131072
ignoring nonexistent directory "/usr/lib/gcc/x86_64-redhat-linux/10/include-fixed"
ignoring nonexistent directory "/usr/lib/gcc/x86_64-redhat-linux/10/../../../../x86_64-redhat-linux/include"
#include "..." search starts here:
#include <...> search starts here:
 /usr/lib/gcc/x86_64-redhat-linux/10/include
 /usr/local/include
 /usr/include
End of search list.
GNU C17 (GCC) version 10.1.1 20200507 (Red Hat 10.1.1-1) (x86_64-redhat-linux)
	compiled by GNU C version 10.1.1 20200507 (Red Hat 10.1.1-1), GMP version 6.1.2, MPFR version 4.0.2-p7, MPC version 1.1.0, isl version isl-0.16.1-GMP

GGC heuristics: --param ggc-min-expand=100 --param ggc-min-heapsize=131072
Compiler executable checksum: 2a9bc6ce6f3ead0e8f0df26a0d7bce6a
COLLECT_GCC_OPTIONS='-v' '-o' 'CMakeFiles/cmTC_8a2ee.dir/CMakeCCompilerABI.c.o' '-c' '-mtune=generic' '-march=x86-64'
 as -v --64 -o CMakeFiles/cmTC_8a2ee.dir/CMakeCCompilerABI.c.o /tmp/ccAZ0P2U.s
GNU assembler version 2.34 (x86_64-redhat-linux) using BFD version version 2.34-3.fc32
COMPILER_PATH=/usr/libexec/gcc/x86_64-redhat-linux/10/:/usr/libexec/gcc/x86_64-redhat-linux/10/:/usr/libexec/gcc/x86_64-redhat-linux/:/usr/lib/gcc/x86_64-redhat-linux/10/:/usr/lib/gcc/x86_64-redhat-linux/
LIBRARY_PATH=/usr/lib/gcc/x86_64-redhat-linux/10/:/usr/lib/gcc/x86_64-redhat-linux/10/../../../../lib64/:/lib/../lib64/:/usr/lib/../lib64/:/usr/lib/gcc/x86_64-redhat-linux/10/../../../:/lib/:/usr/lib/
COLLECT_GCC_OPTIONS='-v' '-o' 'CMakeFiles/cmTC_8a2ee.dir/CMakeCCompilerABI.c.o' '-c' '-mtune=generic' '-march=x86-64'
Linking C executable cmTC_8a2ee
/home/daniel/.local/share/JetBrains/Toolbox/apps/CLion/ch-0/201.7846.88/bin/cmake/linux/bin/cmake -E cmake_link_script CMakeFiles/cmTC_8a2ee.dir/link.txt --verbose=1
/usr/bin/cc     -v CMakeFiles/cmTC_8a2ee.dir/CMakeCCompilerABI.c.o  -o cmTC_8a2ee 
Using built-in specs.
COLLECT_GCC=/usr/bin/cc
COLLECT_LTO_WRAPPER=/usr/libexec/gcc/x86_64-redhat-linux/10/lto-wrapper
OFFLOAD_TARGET_NAMES=nvptx-none
OFFLOAD_TARGET_DEFAULT=1
Target: x86_64-redhat-linux
Configured with: ../configure --enable-bootstrap --enable-languages=c,c++,fortran,objc,obj-c++,ada,go,d,lto --prefix=/usr --mandir=/usr/share/man --infodir=/usr/share/info --with-bugurl=http://bugzilla.redhat.com/bugzilla --enable-shared --enable-threads=posix --enable-checking=release --enable-multilib --with-system-zlib --enable-__cxa_atexit --disable-libunwind-exceptions --enable-gnu-unique-object --enable-linker-build-id --with-gcc-major-version-only --with-linker-hash-style=gnu --enable-plugin --enable-initfini-array --with-isl --enable-offload-targets=nvptx-none --without-cuda-driver --enable-gnu-indirect-function --enable-cet --with-tune=generic --with-arch_32=i686 --build=x86_64-redhat-linux
Thread model: posix
Supported LTO compression algorithms: zlib zstd
gcc version 10.1.1 20200507 (Red Hat 10.1.1-1) (GCC) 
COMPILER_PATH=/usr/libexec/gcc/x86_64-redhat-linux/10/:/usr/libexec/gcc/x86_64-redhat-linux/10/:/usr/libexec/gcc/x86_64-redhat-linux/:/usr/lib/gcc/x86_64-redhat-linux/10/:/usr/lib/gcc/x86_64-redhat-linux/
LIBRARY_PATH=/usr/lib/gcc/x86_64-redhat-linux/10/:/usr/lib/gcc/x86_64-redhat-linux/10/../../../../lib64/:/lib/../lib64/:/usr/lib/../lib64/:/usr/lib/gcc/x86_64-redhat-linux/10/../../../:/lib/:/usr/lib/
COLLECT_GCC_OPTIONS='-v' '-o' 'cmTC_8a2ee' '-mtune=generic' '-march=x86-64'
 /usr/libexec/gcc/x86_64-redhat-linux/10/collect2 -plugin /usr/libexec/gcc/x86_64-redhat-linux/10/liblto_plugin.so -plugin-opt=/usr/libexec/gcc/x86_64-redhat-linux/10/lto-wrapper -plugin-opt=-fresolution=/tmp/ccKGXfIj.res -plugin-opt=-pass-through=-lgcc -plugin-opt=-pass-through=-lgcc_s -plugin-opt=-pass-through=-lc -plugin-opt=-pass-through=-lgcc -plugin-opt=-pass-through=-lgcc_s --build-id --no-add-needed --eh-frame-hdr --hash-style=gnu -m elf_x86_64 -dynamic-linker /lib64/ld-linux-x86-64.so.2 -o cmTC_8a2ee /usr/lib/gcc/x86_64-redhat-linux/10/../../../../lib64/crt1.o /usr/lib/gcc/x86_64-redhat-linux/10/../../../../lib64/crti.o /usr/lib/gcc/x86_64-redhat-linux/10/crtbegin.o -L/usr/lib/gcc/x86_64-redhat-linux/10 -L/usr/lib/gcc/x86_64-redhat-linux/10/../../../../lib64 -L/lib/../lib64 -L/usr/lib/../lib64 -L/usr/lib/gcc/x86_64-redhat-linux/10/../../.. CMakeFiles/cmTC_8a2ee.dir/CMakeCCompilerABI.c.o -lgcc --push-state --as-needed -lgcc_s --pop-state -lc -lgcc --push-state --as-needed -lgcc_s --pop-state /usr/lib/gcc/x86_64-redhat-linux/10/crtend.o /usr/lib/gcc/x86_64-redhat-linux/10/../../../../lib64/crtn.o
COLLECT_GCC_OPTIONS='-v' '-o' 'cmTC_8a2ee' '-mtune=generic' '-march=x86-64'
gmake[1]: Leaving directory '/home/daniel/Git/DGIIM/Primero/2 Cuatrimestre/MP/Ejercicios/RedMetro/cmake-build-debug/CMakeFiles/CMakeTmp'



Parsed C implicit include dir info from above output: rv=done
  found start of include info
  found start of implicit include info
    add: [/usr/lib/gcc/x86_64-redhat-linux/10/include]
    add: [/usr/local/include]
    add: [/usr/include]
  end of search list found
  collapse include dir [/usr/lib/gcc/x86_64-redhat-linux/10/include] ==> [/usr/lib/gcc/x86_64-redhat-linux/10/include]
  collapse include dir [/usr/local/include] ==> [/usr/local/include]
  collapse include dir [/usr/include] ==> [/usr/include]
  implicit include dirs: [/usr/lib/gcc/x86_64-redhat-linux/10/include;/usr/local/include;/usr/include]


Parsed C implicit link information from above output:
  link line regex: [^( *|.*[/\])(ld|CMAKE_LINK_STARTFILE-NOTFOUND|([^/\]+-)?ld|collect2)[^/\]*( |$)]
  ignore line: [Change Dir: /home/daniel/Git/DGIIM/Primero/2 Cuatrimestre/MP/Ejercicios/RedMetro/cmake-build-debug/CMakeFiles/CMakeTmp]
  ignore line: []
  ignore line: [Run Build Command(s):/usr/bin/gmake cmTC_8a2ee/fast && /usr/bin/gmake -f CMakeFiles/cmTC_8a2ee.dir/build.make CMakeFiles/cmTC_8a2ee.dir/build]
  ignore line: [gmake[1]: Entering directory '/home/daniel/Git/DGIIM/Primero/2 Cuatrimestre/MP/Ejercicios/RedMetro/cmake-build-debug/CMakeFiles/CMakeTmp']
  ignore line: [Building C object CMakeFiles/cmTC_8a2ee.dir/CMakeCCompilerABI.c.o]
  ignore line: [/usr/bin/cc   -v -o CMakeFiles/cmTC_8a2ee.dir/CMakeCCompilerABI.c.o   -c /home/daniel/.local/share/JetBrains/Toolbox/apps/CLion/ch-0/201.7846.88/bin/cmake/linux/share/cmake-3.16/Modules/CMakeCCompilerABI.c]
  ignore line: [Using built-in specs.]
  ignore line: [COLLECT_GCC=/usr/bin/cc]
  ignore line: [OFFLOAD_TARGET_NAMES=nvptx-none]
  ignore line: [OFFLOAD_TARGET_DEFAULT=1]
  ignore line: [Target: x86_64-redhat-linux]
  ignore line: [Configured with: ../configure --enable-bootstrap --enable-languages=c c++ fortran objc obj-c++ ada go d lto --prefix=/usr --mandir=/usr/share/man --infodir=/usr/share/info --with-bugurl=http://bugzilla.redhat.com/bugzilla --enable-shared --enable-threads=posix --enable-checking=release --enable-multilib --with-system-zlib --enable-__cxa_atexit --disable-libunwind-exceptions --enable-gnu-unique-object --enable-linker-build-id --with-gcc-major-version-only --with-linker-hash-style=gnu --enable-plugin --enable-initfini-array --with-isl --enable-offload-targets=nvptx-none --without-cuda-driver --enable-gnu-indirect-function --enable-cet --with-tune=generic --with-arch_32=i686 --build=x86_64-redhat-linux]
  ignore line: [Thread model: posix]
  ignore line: [Supported LTO compression algorithms: zlib zstd]
  ignore line: [gcc version 10.1.1 20200507 (Red Hat 10.1.1-1) (GCC) ]
  ignore line: [COLLECT_GCC_OPTIONS='-v' '-o' 'CMakeFiles/cmTC_8a2ee.dir/CMakeCCompilerABI.c.o' '-c' '-mtune=generic' '-march=x86-64']
  ignore line: [ /usr/libexec/gcc/x86_64-redhat-linux/10/cc1 -quiet -v /home/daniel/.local/share/JetBrains/Toolbox/apps/CLion/ch-0/201.7846.88/bin/cmake/linux/share/cmake-3.16/Modules/CMakeCCompilerABI.c -quiet -dumpbase CMakeCCompilerABI.c -mtune=generic -march=x86-64 -auxbase-strip CMakeFiles/cmTC_8a2ee.dir/CMakeCCompilerABI.c.o -version -o /tmp/ccAZ0P2U.s]
  ignore line: [GNU C17 (GCC) version 10.1.1 20200507 (Red Hat 10.1.1-1) (x86_64-redhat-linux)]
  ignore line: [	compiled by GNU C version 10.1.1 20200507 (Red Hat 10.1.1-1)  GMP version 6.1.2  MPFR version 4.0.2-p7  MPC version 1.1.0  isl version isl-0.16.1-GMP]
  ignore line: []
  ignore line: [GGC heuristics: --param ggc-min-expand=100 --param ggc-min-heapsize=131072]
  ignore line: [ignoring nonexistent directory "/usr/lib/gcc/x86_64-redhat-linux/10/include-fixed"]
  ignore line: [ignoring nonexistent directory "/usr/lib/gcc/x86_64-redhat-linux/10/../../../../x86_64-redhat-linux/include"]
  ignore line: [#include "..." search starts here:]
  ignore line: [#include <...> search starts here:]
  ignore line: [ /usr/lib/gcc/x86_64-redhat-linux/10/include]
  ignore line: [ /usr/local/include]
  ignore line: [ /usr/include]
  ignore line: [End of search list.]
  ignore line: [GNU C17 (GCC) version 10.1.1 20200507 (Red Hat 10.1.1-1) (x86_64-redhat-linux)]
  ignore line: [	compiled by GNU C version 10.1.1 20200507 (Red Hat 10.1.1-1)  GMP version 6.1.2  MPFR version 4.0.2-p7  MPC version 1.1.0  isl version isl-0.16.1-GMP]
  ignore line: []
  ignore line: [GGC heuristics: --param ggc-min-expand=100 --param ggc-min-heapsize=131072]
  ignore line: [Compiler executable checksum: 2a9bc6ce6f3ead0e8f0df26a0d7bce6a]
  ignore line: [COLLECT_GCC_OPTIONS='-v' '-o' 'CMakeFiles/cmTC_8a2ee.dir/CMakeCCompilerABI.c.o' '-c' '-mtune=generic' '-march=x86-64']
  ignore line: [ as -v --64 -o CMakeFiles/cmTC_8a2ee.dir/CMakeCCompilerABI.c.o /tmp/ccAZ0P2U.s]
  ignore line: [GNU assembler version 2.34 (x86_64-redhat-linux) using BFD version version 2.34-3.fc32]
  ignore line: [COMPILER_PATH=/usr/libexec/gcc/x86_64-redhat-linux/10/:/usr/libexec/gcc/x86_64-redhat-linux/10/:/usr/libexec/gcc/x86_64-redhat-linux/:/usr/lib/gcc/x86_64-redhat-linux/10/:/usr/lib/gcc/x86_64-redhat-linux/]
  ignore line: [LIBRARY_PATH=/usr/lib/gcc/x86_64-redhat-linux/10/:/usr/lib/gcc/x86_64-redhat-linux/10/../../../../lib64/:/lib/../lib64/:/usr/lib/../lib64/:/usr/lib/gcc/x86_64-redhat-linux/10/../../../:/lib/:/usr/lib/]
  ignore line: [COLLECT_GCC_OPTIONS='-v' '-o' 'CMakeFiles/cmTC_8a2ee.dir/CMakeCCompilerABI.c.o' '-c' '-mtune=generic' '-march=x86-64']
  ignore line: [Linking C executable cmTC_8a2ee]
  ignore line: [/home/daniel/.local/share/JetBrains/Toolbox/apps/CLion/ch-0/201.7846.88/bin/cmake/linux/bin/cmake -E cmake_link_script CMakeFiles/cmTC_8a2ee.dir/link.txt --verbose=1]
  ignore line: [/usr/bin/cc     -v CMakeFiles/cmTC_8a2ee.dir/CMakeCCompilerABI.c.o  -o cmTC_8a2ee ]
  ignore line: [Using built-in specs.]
  ignore line: [COLLECT_GCC=/usr/bin/cc]
  ignore line: [COLLECT_LTO_WRAPPER=/usr/libexec/gcc/x86_64-redhat-linux/10/lto-wrapper]
  ignore line: [OFFLOAD_TARGET_NAMES=nvptx-none]
  ignore line: [OFFLOAD_TARGET_DEFAULT=1]
  ignore line: [Target: x86_64-redhat-linux]
  ignore line: [Configured with: ../configure --enable-bootstrap --enable-languages=c c++ fortran objc obj-c++ ada go d lto --prefix=/usr --mandir=/usr/share/man --infodir=/usr/share/info --with-bugurl=http://bugzilla.redhat.com/bugzilla --enable-shared --enable-threads=posix --enable-checking=release --enable-multilib --with-system-zlib --enable-__cxa_atexit --disable-libunwind-exceptions --enable-gnu-unique-object --enable-linker-build-id --with-gcc-major-version-only --with-linker-hash-style=gnu --enable-plugin --enable-initfini-array --with-isl --enable-offload-targets=nvptx-none --without-cuda-driver --enable-gnu-indirect-function --enable-cet --with-tune=generic --with-arch_32=i686 --build=x86_64-redhat-linux]
  ignore line: [Thread model: posix]
  ignore line: [Supported LTO compression algorithms: zlib zstd]
  ignore line: [gcc version 10.1.1 20200507 (Red Hat 10.1.1-1) (GCC) ]
  ignore line: [COMPILER_PATH=/usr/libexec/gcc/x86_64-redhat-linux/10/:/usr/libexec/gcc/x86_64-redhat-linux/10/:/usr/libexec/gcc/x86_64-redhat-linux/:/usr/lib/gcc/x86_64-redhat-linux/10/:/usr/lib/gcc/x86_64-redhat-linux/]
  ignore line: [LIBRARY_PATH=/usr/lib/gcc/x86_64-redhat-linux/10/:/usr/lib/gcc/x86_64-redhat-linux/10/../../../../lib64/:/lib/../lib64/:/usr/lib/../lib64/:/usr/lib/gcc/x86_64-redhat-linux/10/../../../:/lib/:/usr/lib/]
  ignore line: [COLLECT_GCC_OPTIONS='-v' '-o' 'cmTC_8a2ee' '-mtune=generic' '-march=x86-64']
  link line: [ /usr/libexec/gcc/x86_64-redhat-linux/10/collect2 -plugin /usr/libexec/gcc/x86_64-redhat-linux/10/liblto_plugin.so -plugin-opt=/usr/libexec/gcc/x86_64-redhat-linux/10/lto-wrapper -plugin-opt=-fresolution=/tmp/ccKGXfIj.res -plugin-opt=-pass-through=-lgcc -plugin-opt=-pass-through=-lgcc_s -plugin-opt=-pass-through=-lc -plugin-opt=-pass-through=-lgcc -plugin-opt=-pass-through=-lgcc_s --build-id --no-add-needed --eh-frame-hdr --hash-style=gnu -m elf_x86_64 -dynamic-linker /lib64/ld-linux-x86-64.so.2 -o cmTC_8a2ee /usr/lib/gcc/x86_64-redhat-linux/10/../../../../lib64/crt1.o /usr/lib/gcc/x86_64-redhat-linux/10/../../../../lib64/crti.o /usr/lib/gcc/x86_64-redhat-linux/10/crtbegin.o -L/usr/lib/gcc/x86_64-redhat-linux/10 -L/usr/lib/gcc/x86_64-redhat-linux/10/../../../../lib64 -L/lib/../lib64 -L/usr/lib/../lib64 -L/usr/lib/gcc/x86_64-redhat-linux/10/../../.. CMakeFiles/cmTC_8a2ee.dir/CMakeCCompilerABI.c.o -lgcc --push-state --as-needed -lgcc_s --pop-state -lc -lgcc --push-state --as-needed -lgcc_s --pop-state /usr/lib/gcc/x86_64-redhat-linux/10/crtend.o /usr/lib/gcc/x86_64-redhat-linux/10/../../../../lib64/crtn.o]
    arg [/usr/libexec/gcc/x86_64-redhat-linux/10/collect2] ==> ignore
    arg [-plugin] ==> ignore
    arg [/usr/libexec/gcc/x86_64-redhat-linux/10/liblto_plugin.so] ==> ignore
    arg [-plugin-opt=/usr/libexec/gcc/x86_64-redhat-linux/10/lto-wrapper] ==> ignore
    arg [-plugin-opt=-fresolution=/tmp/ccKGXfIj.res] ==> ignore
    arg [-plugin-opt=-pass-through=-lgcc] ==> ignore
    arg [-plugin-opt=-pass-through=-lgcc_s] ==> ignore
    arg [-plugin-opt=-pass-through=-lc] ==> ignore
    arg [-plugin-opt=-pass-through=-lgcc] ==> ignore
    arg [-plugin-opt=-pass-through=-lgcc_s] ==> ignore
    arg [--build-id] ==> ignore
    arg [--no-add-needed] ==> ignore
    arg [--eh-frame-hdr] ==> ignore
    arg [--hash-style=gnu] ==> ignore
    arg [-m] ==> ignore
    arg [elf_x86_64] ==> ignore
    arg [-dynamic-linker] ==> ignore
    arg [/lib64/ld-linux-x86-64.so.2] ==> ignore
    arg [-o] ==> ignore
    arg [cmTC_8a2ee] ==> ignore
    arg [/usr/lib/gcc/x86_64-redhat-linux/10/../../../../lib64/crt1.o] ==> ignore
    arg [/usr/lib/gcc/x86_64-redhat-linux/10/../../../../lib64/crti.o] ==> ignore
    arg [/usr/lib/gcc/x86_64-redhat-linux/10/crtbegin.o] ==> ignore
    arg [-L/usr/lib/gcc/x86_64-redhat-linux/10] ==> dir [/usr/lib/gcc/x86_64-redhat-linux/10]
    arg [-L/usr/lib/gcc/x86_64-redhat-linux/10/../../../../lib64] ==> dir [/usr/lib/gcc/x86_64-redhat-linux/10/../../../../lib64]
    arg [-L/lib/../lib64] ==> dir [/lib/../lib64]
    arg [-L/usr/lib/../lib64] ==> dir [/usr/lib/../lib64]
    arg [-L/usr/lib/gcc/x86_64-redhat-linux/10/../../..] ==> dir [/usr/lib/gcc/x86_64-redhat-linux/10/../../..]
    arg [CMakeFiles/cmTC_8a2ee.dir/CMakeCCompilerABI.c.o] ==> ignore
    arg [-lgcc] ==> lib [gcc]
    arg [--push-state] ==> ignore
    arg [--as-needed] ==> ignore
    arg [-lgcc_s] ==> lib [gcc_s]
    arg [--pop-state] ==> ignore
    arg [-lc] ==> lib [c]
    arg [-lgcc] ==> lib [gcc]
    arg [--push-state] ==> ignore
    arg [--as-needed] ==> ignore
    arg [-lgcc_s] ==> lib [gcc_s]
    arg [--pop-state] ==> ignore
    arg [/usr/lib/gcc/x86_64-redhat-linux/10/crtend.o] ==> ignore
    arg [/usr/lib/gcc/x86_64-redhat-linux/10/../../../../lib64/crtn.o] ==> ignore
  collapse library dir [/usr/lib/gcc/x86_64-redhat-linux/10] ==> [/usr/lib/gcc/x86_64-redhat-linux/10]
  collapse library dir [/usr/lib/gcc/x86_64-redhat-linux/10/../../../../lib64] ==> [/usr/lib64]
  collapse library dir [/lib/../lib64] ==> [/lib64]
  collapse library dir [/usr/lib/../lib64] ==> [/usr/lib64]
  collapse library dir [/usr/lib/gcc/x86_64-redhat-linux/10/../../..] ==> [/usr/lib]
  implicit libs: [gcc;gcc_s;c;gcc;gcc_s]
  implicit dirs: [/usr/lib/gcc/x86_64-redhat-linux/10;/usr/lib64;/lib64;/usr/lib]
  implicit fwks: []


Determining if the CXX compiler works passed with the following output:
Change Dir: /home/daniel/Git/DGIIM/Primero/2 Cuatrimestre/MP/Ejercicios/RedMetro/cmake-build-debug/CMakeFiles/CMakeTmp

Run Build Command(s):/usr/bin/gmake cmTC_e23ca/fast && /usr/bin/gmake -f CMakeFiles/cmTC_e23ca.dir/build.make CMakeFiles/cmTC_e23ca.dir/build
gmake[1]: se entra en el directorio '/home/daniel/Git/DGIIM/Primero/2 Cuatrimestre/MP/Ejercicios/RedMetro/cmake-build-debug/CMakeFiles/CMakeTmp'
Building CXX object CMakeFiles/cmTC_e23ca.dir/testCXXCompiler.cxx.o
/usr/bin/c++     -o CMakeFiles/cmTC_e23ca.dir/testCXXCompiler.cxx.o -c "/home/daniel/Git/DGIIM/Primero/2 Cuatrimestre/MP/Ejercicios/RedMetro/cmake-build-debug/CMakeFiles/CMakeTmp/testCXXCompiler.cxx"
Linking CXX executable cmTC_e23ca
/home/daniel/.local/share/JetBrains/Toolbox/apps/CLion/ch-0/201.7846.88/bin/cmake/linux/bin/cmake -E cmake_link_script CMakeFiles/cmTC_e23ca.dir/link.txt --verbose=1
/usr/bin/c++       CMakeFiles/cmTC_e23ca.dir/testCXXCompiler.cxx.o  -o cmTC_e23ca 
gmake[1]: se sale del directorio '/home/daniel/Git/DGIIM/Primero/2 Cuatrimestre/MP/Ejercicios/RedMetro/cmake-build-debug/CMakeFiles/CMakeTmp'



Detecting CXX compiler ABI info compiled with the following output:
Change Dir: /home/daniel/Git/DGIIM/Primero/2 Cuatrimestre/MP/Ejercicios/RedMetro/cmake-build-debug/CMakeFiles/CMakeTmp

Run Build Command(s):/usr/bin/gmake cmTC_18979/fast && /usr/bin/gmake -f CMakeFiles/cmTC_18979.dir/build.make CMakeFiles/cmTC_18979.dir/build
gmake[1]: Entering directory '/home/daniel/Git/DGIIM/Primero/2 Cuatrimestre/MP/Ejercicios/RedMetro/cmake-build-debug/CMakeFiles/CMakeTmp'
Building CXX object CMakeFiles/cmTC_18979.dir/CMakeCXXCompilerABI.cpp.o
/usr/bin/c++    -v -o CMakeFiles/cmTC_18979.dir/CMakeCXXCompilerABI.cpp.o -c /home/daniel/.local/share/JetBrains/Toolbox/apps/CLion/ch-0/201.7846.88/bin/cmake/linux/share/cmake-3.16/Modules/CMakeCXXCompilerABI.cpp
Using built-in specs.
COLLECT_GCC=/usr/bin/c++
OFFLOAD_TARGET_NAMES=nvptx-none
OFFLOAD_TARGET_DEFAULT=1
Target: x86_64-redhat-linux
Configured with: ../configure --enable-bootstrap --enable-languages=c,c++,fortran,objc,obj-c++,ada,go,d,lto --prefix=/usr --mandir=/usr/share/man --infodir=/usr/share/info --with-bugurl=http://bugzilla.redhat.com/bugzilla --enable-shared --enable-threads=posix --enable-checking=release --enable-multilib --with-system-zlib --enable-__cxa_atexit --disable-libunwind-exceptions --enable-gnu-unique-object --enable-linker-build-id --with-gcc-major-version-only --with-linker-hash-style=gnu --enable-plugin --enable-initfini-array --with-isl --enable-offload-targets=nvptx-none --without-cuda-driver --enable-gnu-indirect-function --enable-cet --with-tune=generic --with-arch_32=i686 --build=x86_64-redhat-linux
Thread model: posix
Supported LTO compression algorithms: zlib zstd
gcc version 10.1.1 20200507 (Red Hat 10.1.1-1) (GCC) 
COLLECT_GCC_OPTIONS='-v' '-o' 'CMakeFiles/cmTC_18979.dir/CMakeCXXCompilerABI.cpp.o' '-c' '-shared-libgcc' '-mtune=generic' '-march=x86-64'
 /usr/libexec/gcc/x86_64-redhat-linux/10/cc1plus -quiet -v -D_GNU_SOURCE /home/daniel/.local/share/JetBrains/Toolbox/apps/CLion/ch-0/201.7846.88/bin/cmake/linux/share/cmake-3.16/Modules/CMakeCXXCompilerABI.cpp -quiet -dumpbase CMakeCXXCompilerABI.cpp -mtune=generic -march=x86-64 -auxbase-strip CMakeFiles/cmTC_18979.dir/CMakeCXXCompilerABI.cpp.o -version -o /tmp/ccU0kUVD.s
GNU C++14 (GCC) version 10.1.1 20200507 (Red Hat 10.1.1-1) (x86_64-redhat-linux)
	compiled by GNU C version 10.1.1 20200507 (Red Hat 10.1.1-1), GMP version 6.1.2, MPFR version 4.0.2-p7, MPC version 1.1.0, isl version isl-0.16.1-GMP

GGC heuristics: --param ggc-min-expand=100 --param ggc-min-heapsize=131072
ignoring nonexistent directory "/usr/lib/gcc/x86_64-redhat-linux/10/include-fixed"
ignoring nonexistent directory "/usr/lib/gcc/x86_64-redhat-linux/10/../../../../x86_64-redhat-linux/include"
#include "..." search starts here:
#include <...> search starts here:
 /usr/lib/gcc/x86_64-redhat-linux/10/../../../../include/c++/10
 /usr/lib/gcc/x86_64-redhat-linux/10/../../../../include/c++/10/x86_64-redhat-linux
 /usr/lib/gcc/x86_64-redhat-linux/10/../../../../include/c++/10/backward
 /usr/lib/gcc/x86_64-redhat-linux/10/include
 /usr/local/include
 /usr/include
End of search list.
GNU C++14 (GCC) version 10.1.1 20200507 (Red Hat 10.1.1-1) (x86_64-redhat-linux)
	compiled by GNU C version 10.1.1 20200507 (Red Hat 10.1.1-1), GMP version 6.1.2, MPFR version 4.0.2-p7, MPC version 1.1.0, isl version isl-0.16.1-GMP

GGC heuristics: --param ggc-min-expand=100 --param ggc-min-heapsize=131072
Compiler executable checksum: 312684277bb7496048c429a99601327d
COLLECT_GCC_OPTIONS='-v' '-o' 'CMakeFiles/cmTC_18979.dir/CMakeCXXCompilerABI.cpp.o' '-c' '-shared-libgcc' '-mtune=generic' '-march=x86-64'
 as -v --64 -o CMakeFiles/cmTC_18979.dir/CMakeCXXCompilerABI.cpp.o /tmp/ccU0kUVD.s
GNU assembler version 2.34 (x86_64-redhat-linux) using BFD version version 2.34-3.fc32
COMPILER_PATH=/usr/libexec/gcc/x86_64-redhat-linux/10/:/usr/libexec/gcc/x86_64-redhat-linux/10/:/usr/libexec/gcc/x86_64-redhat-linux/:/usr/lib/gcc/x86_64-redhat-linux/10/:/usr/lib/gcc/x86_64-redhat-linux/
LIBRARY_PATH=/usr/lib/gcc/x86_64-redhat-linux/10/:/usr/lib/gcc/x86_64-redhat-linux/10/../../../../lib64/:/lib/../lib64/:/usr/lib/../lib64/:/usr/lib/gcc/x86_64-redhat-linux/10/../../../:/lib/:/usr/lib/
COLLECT_GCC_OPTIONS='-v' '-o' 'CMakeFiles/cmTC_18979.dir/CMakeCXXCompilerABI.cpp.o' '-c' '-shared-libgcc' '-mtune=generic' '-march=x86-64'
Linking CXX executable cmTC_18979
/home/daniel/.local/share/JetBrains/Toolbox/apps/CLion/ch-0/201.7846.88/bin/cmake/linux/bin/cmake -E cmake_link_script CMakeFiles/cmTC_18979.dir/link.txt --verbose=1
/usr/bin/c++      -v CMakeFiles/cmTC_18979.dir/CMakeCXXCompilerABI.cpp.o  -o cmTC_18979 
Using built-in specs.
COLLECT_GCC=/usr/bin/c++
COLLECT_LTO_WRAPPER=/usr/libexec/gcc/x86_64-redhat-linux/10/lto-wrapper
OFFLOAD_TARGET_NAMES=nvptx-none
OFFLOAD_TARGET_DEFAULT=1
Target: x86_64-redhat-linux
Configured with: ../configure --enable-bootstrap --enable-languages=c,c++,fortran,objc,obj-c++,ada,go,d,lto --prefix=/usr --mandir=/usr/share/man --infodir=/usr/share/info --with-bugurl=http://bugzilla.redhat.com/bugzilla --enable-shared --enable-threads=posix --enable-checking=release --enable-multilib --with-system-zlib --enable-__cxa_atexit --disable-libunwind-exceptions --enable-gnu-unique-object --enable-linker-build-id --with-gcc-major-version-only --with-linker-hash-style=gnu --enable-plugin --enable-initfini-array --with-isl --enable-offload-targets=nvptx-none --without-cuda-driver --enable-gnu-indirect-function --enable-cet --with-tune=generic --with-arch_32=i686 --build=x86_64-redhat-linux
Thread model: posix
Supported LTO compression algorithms: zlib zstd
gcc version 10.1.1 20200507 (Red Hat 10.1.1-1) (GCC) 
COMPILER_PATH=/usr/libexec/gcc/x86_64-redhat-linux/10/:/usr/libexec/gcc/x86_64-redhat-linux/10/:/usr/libexec/gcc/x86_64-redhat-linux/:/usr/lib/gcc/x86_64-redhat-linux/10/:/usr/lib/gcc/x86_64-redhat-linux/
LIBRARY_PATH=/usr/lib/gcc/x86_64-redhat-linux/10/:/usr/lib/gcc/x86_64-redhat-linux/10/../../../../lib64/:/lib/../lib64/:/usr/lib/../lib64/:/usr/lib/gcc/x86_64-redhat-linux/10/../../../:/lib/:/usr/lib/
COLLECT_GCC_OPTIONS='-v' '-o' 'cmTC_18979' '-shared-libgcc' '-mtune=generic' '-march=x86-64'
 /usr/libexec/gcc/x86_64-redhat-linux/10/collect2 -plugin /usr/libexec/gcc/x86_64-redhat-linux/10/liblto_plugin.so -plugin-opt=/usr/libexec/gcc/x86_64-redhat-linux/10/lto-wrapper -plugin-opt=-fresolution=/tmp/ccJj4JkY.res -plugin-opt=-pass-through=-lgcc_s -plugin-opt=-pass-through=-lgcc -plugin-opt=-pass-through=-lc -plugin-opt=-pass-through=-lgcc_s -plugin-opt=-pass-through=-lgcc --build-id --no-add-needed --eh-frame-hdr --hash-style=gnu -m elf_x86_64 -dynamic-linker /lib64/ld-linux-x86-64.so.2 -o cmTC_18979 /usr/lib/gcc/x86_64-redhat-linux/10/../../../../lib64/crt1.o /usr/lib/gcc/x86_64-redhat-linux/10/../../../../lib64/crti.o /usr/lib/gcc/x86_64-redhat-linux/10/crtbegin.o -L/usr/lib/gcc/x86_64-redhat-linux/10 -L/usr/lib/gcc/x86_64-redhat-linux/10/../../../../lib64 -L/lib/../lib64 -L/usr/lib/../lib64 -L/usr/lib/gcc/x86_64-redhat-linux/10/../../.. CMakeFiles/cmTC_18979.dir/CMakeCXXCompilerABI.cpp.o -lstdc++ -lm -lgcc_s -lgcc -lc -lgcc_s -lgcc /usr/lib/gcc/x86_64-redhat-linux/10/crtend.o /usr/lib/gcc/x86_64-redhat-linux/10/../../../../lib64/crtn.o
COLLECT_GCC_OPTIONS='-v' '-o' 'cmTC_18979' '-shared-libgcc' '-mtune=generic' '-march=x86-64'
gmake[1]: Leaving directory '/home/daniel/Git/DGIIM/Primero/2 Cuatrimestre/MP/Ejercicios/RedMetro/cmake-build-debug/CMakeFiles/CMakeTmp'



Parsed CXX implicit include dir info from above output: rv=done
  found start of include info
  found start of implicit include info
    add: [/usr/lib/gcc/x86_64-redhat-linux/10/../../../../include/c++/10]
    add: [/usr/lib/gcc/x86_64-redhat-linux/10/../../../../include/c++/10/x86_64-redhat-linux]
    add: [/usr/lib/gcc/x86_64-redhat-linux/10/../../../../include/c++/10/backward]
    add: [/usr/lib/gcc/x86_64-redhat-linux/10/include]
    add: [/usr/local/include]
    add: [/usr/include]
  end of search list found
  collapse include dir [/usr/lib/gcc/x86_64-redhat-linux/10/../../../../include/c++/10] ==> [/usr/include/c++/10]
  collapse include dir [/usr/lib/gcc/x86_64-redhat-linux/10/../../../../include/c++/10/x86_64-redhat-linux] ==> [/usr/include/c++/10/x86_64-redhat-linux]
  collapse include dir [/usr/lib/gcc/x86_64-redhat-linux/10/../../../../include/c++/10/backward] ==> [/usr/include/c++/10/backward]
  collapse include dir [/usr/lib/gcc/x86_64-redhat-linux/10/include] ==> [/usr/lib/gcc/x86_64-redhat-linux/10/include]
  collapse include dir [/usr/local/include] ==> [/usr/local/include]
  collapse include dir [/usr/include] ==> [/usr/include]
  implicit include dirs: [/usr/include/c++/10;/usr/include/c++/10/x86_64-redhat-linux;/usr/include/c++/10/backward;/usr/lib/gcc/x86_64-redhat-linux/10/include;/usr/local/include;/usr/include]


Parsed CXX implicit link information from above output:
  link line regex: [^( *|.*[/\])(ld|CMAKE_LINK_STARTFILE-NOTFOUND|([^/\]+-)?ld|collect2)[^/\]*( |$)]
  ignore line: [Change Dir: /home/daniel/Git/DGIIM/Primero/2 Cuatrimestre/MP/Ejercicios/RedMetro/cmake-build-debug/CMakeFiles/CMakeTmp]
  ignore line: []
  ignore line: [Run Build Command(s):/usr/bin/gmake cmTC_18979/fast && /usr/bin/gmake -f CMakeFiles/cmTC_18979.dir/build.make CMakeFiles/cmTC_18979.dir/build]
  ignore line: [gmake[1]: Entering directory '/home/daniel/Git/DGIIM/Primero/2 Cuatrimestre/MP/Ejercicios/RedMetro/cmake-build-debug/CMakeFiles/CMakeTmp']
  ignore line: [Building CXX object CMakeFiles/cmTC_18979.dir/CMakeCXXCompilerABI.cpp.o]
  ignore line: [/usr/bin/c++    -v -o CMakeFiles/cmTC_18979.dir/CMakeCXXCompilerABI.cpp.o -c /home/daniel/.local/share/JetBrains/Toolbox/apps/CLion/ch-0/201.7846.88/bin/cmake/linux/share/cmake-3.16/Modules/CMakeCXXCompilerABI.cpp]
  ignore line: [Using built-in specs.]
  ignore line: [COLLECT_GCC=/usr/bin/c++]
  ignore line: [OFFLOAD_TARGET_NAMES=nvptx-none]
  ignore line: [OFFLOAD_TARGET_DEFAULT=1]
  ignore line: [Target: x86_64-redhat-linux]
  ignore line: [Configured with: ../configure --enable-bootstrap --enable-languages=c c++ fortran objc obj-c++ ada go d lto --prefix=/usr --mandir=/usr/share/man --infodir=/usr/share/info --with-bugurl=http://bugzilla.redhat.com/bugzilla --enable-shared --enable-threads=posix --enable-checking=release --enable-multilib --with-system-zlib --enable-__cxa_atexit --disable-libunwind-exceptions --enable-gnu-unique-object --enable-linker-build-id --with-gcc-major-version-only --with-linker-hash-style=gnu --enable-plugin --enable-initfini-array --with-isl --enable-offload-targets=nvptx-none --without-cuda-driver --enable-gnu-indirect-function --enable-cet --with-tune=generic --with-arch_32=i686 --build=x86_64-redhat-linux]
  ignore line: [Thread model: posix]
  ignore line: [Supported LTO compression algorithms: zlib zstd]
  ignore line: [gcc version 10.1.1 20200507 (Red Hat 10.1.1-1) (GCC) ]
  ignore line: [COLLECT_GCC_OPTIONS='-v' '-o' 'CMakeFiles/cmTC_18979.dir/CMakeCXXCompilerABI.cpp.o' '-c' '-shared-libgcc' '-mtune=generic' '-march=x86-64']
  ignore line: [ /usr/libexec/gcc/x86_64-redhat-linux/10/cc1plus -quiet -v -D_GNU_SOURCE /home/daniel/.local/share/JetBrains/Toolbox/apps/CLion/ch-0/201.7846.88/bin/cmake/linux/share/cmake-3.16/Modules/CMakeCXXCompilerABI.cpp -quiet -dumpbase CMakeCXXCompilerABI.cpp -mtune=generic -march=x86-64 -auxbase-strip CMakeFiles/cmTC_18979.dir/CMakeCXXCompilerABI.cpp.o -version -o /tmp/ccU0kUVD.s]
  ignore line: [GNU C++14 (GCC) version 10.1.1 20200507 (Red Hat 10.1.1-1) (x86_64-redhat-linux)]
  ignore line: [	compiled by GNU C version 10.1.1 20200507 (Red Hat 10.1.1-1)  GMP version 6.1.2  MPFR version 4.0.2-p7  MPC version 1.1.0  isl version isl-0.16.1-GMP]
  ignore line: []
  ignore line: [GGC heuristics: --param ggc-min-expand=100 --param ggc-min-heapsize=131072]
  ignore line: [ignoring nonexistent directory "/usr/lib/gcc/x86_64-redhat-linux/10/include-fixed"]
  ignore line: [ignoring nonexistent directory "/usr/lib/gcc/x86_64-redhat-linux/10/../../../../x86_64-redhat-linux/include"]
  ignore line: [#include "..." search starts here:]
  ignore line: [#include <...> search starts here:]
  ignore line: [ /usr/lib/gcc/x86_64-redhat-linux/10/../../../../include/c++/10]
  ignore line: [ /usr/lib/gcc/x86_64-redhat-linux/10/../../../../include/c++/10/x86_64-redhat-linux]
  ignore line: [ /usr/lib/gcc/x86_64-redhat-linux/10/../../../../include/c++/10/backward]
  ignore line: [ /usr/lib/gcc/x86_64-redhat-linux/10/include]
  ignore line: [ /usr/local/include]
  ignore line: [ /usr/include]
  ignore line: [End of search list.]
  ignore line: [GNU C++14 (GCC) version 10.1.1 20200507 (Red Hat 10.1.1-1) (x86_64-redhat-linux)]
  ignore line: [	compiled by GNU C version 10.1.1 20200507 (Red Hat 10.1.1-1)  GMP version 6.1.2  MPFR version 4.0.2-p7  MPC version 1.1.0  isl version isl-0.16.1-GMP]
  ignore line: []
  ignore line: [GGC heuristics: --param ggc-min-expand=100 --param ggc-min-heapsize=131072]
  ignore line: [Compiler executable checksum: 312684277bb7496048c429a99601327d]
  ignore line: [COLLECT_GCC_OPTIONS='-v' '-o' 'CMakeFiles/cmTC_18979.dir/CMakeCXXCompilerABI.cpp.o' '-c' '-shared-libgcc' '-mtune=generic' '-march=x86-64']
  ignore line: [ as -v --64 -o CMakeFiles/cmTC_18979.dir/CMakeCXXCompilerABI.cpp.o /tmp/ccU0kUVD.s]
  ignore line: [GNU assembler version 2.34 (x86_64-redhat-linux) using BFD version version 2.34-3.fc32]
  ignore line: [COMPILER_PATH=/usr/libexec/gcc/x86_64-redhat-linux/10/:/usr/libexec/gcc/x86_64-redhat-linux/10/:/usr/libexec/gcc/x86_64-redhat-linux/:/usr/lib/gcc/x86_64-redhat-linux/10/:/usr/lib/gcc/x86_64-redhat-linux/]
  ignore line: [LIBRARY_PATH=/usr/lib/gcc/x86_64-redhat-linux/10/:/usr/lib/gcc/x86_64-redhat-linux/10/../../../../lib64/:/lib/../lib64/:/usr/lib/../lib64/:/usr/lib/gcc/x86_64-redhat-linux/10/../../../:/lib/:/usr/lib/]
  ignore line: [COLLECT_GCC_OPTIONS='-v' '-o' 'CMakeFiles/cmTC_18979.dir/CMakeCXXCompilerABI.cpp.o' '-c' '-shared-libgcc' '-mtune=generic' '-march=x86-64']
  ignore line: [Linking CXX executable cmTC_18979]
  ignore line: [/home/daniel/.local/share/JetBrains/Toolbox/apps/CLion/ch-0/201.7846.88/bin/cmake/linux/bin/cmake -E cmake_link_script CMakeFiles/cmTC_18979.dir/link.txt --verbose=1]
  ignore line: [/usr/bin/c++      -v CMakeFiles/cmTC_18979.dir/CMakeCXXCompilerABI.cpp.o  -o cmTC_18979 ]
  ignore line: [Using built-in specs.]
  ignore line: [COLLECT_GCC=/usr/bin/c++]
  ignore line: [COLLECT_LTO_WRAPPER=/usr/libexec/gcc/x86_64-redhat-linux/10/lto-wrapper]
  ignore line: [OFFLOAD_TARGET_NAMES=nvptx-none]
  ignore line: [OFFLOAD_TARGET_DEFAULT=1]
  ignore line: [Target: x86_64-redhat-linux]
  ignore line: [Configured with: ../configure --enable-bootstrap --enable-languages=c c++ fortran objc obj-c++ ada go d lto --prefix=/usr --mandir=/usr/share/man --infodir=/usr/share/info --with-bugurl=http://bugzilla.redhat.com/bugzilla --enable-shared --enable-threads=posix --enable-checking=release --enable-multilib --with-system-zlib --enable-__cxa_atexit --disable-libunwind-exceptions --enable-gnu-unique-object --enable-linker-build-id --with-gcc-major-version-only --with-linker-hash-style=gnu --enable-plugin --enable-initfini-array --with-isl --enable-offload-targets=nvptx-none --without-cuda-driver --enable-gnu-indirect-function --enable-cet --with-tune=generic --with-arch_32=i686 --build=x86_64-redhat-linux]
  ignore line: [Thread model: posix]
  ignore line: [Supported LTO compression algorithms: zlib zstd]
  ignore line: [gcc version 10.1.1 20200507 (Red Hat 10.1.1-1) (GCC) ]
  ignore line: [COMPILER_PATH=/usr/libexec/gcc/x86_64-redhat-linux/10/:/usr/libexec/gcc/x86_64-redhat-linux/10/:/usr/libexec/gcc/x86_64-redhat-linux/:/usr/lib/gcc/x86_64-redhat-linux/10/:/usr/lib/gcc/x86_64-redhat-linux/]
  ignore line: [LIBRARY_PATH=/usr/lib/gcc/x86_64-redhat-linux/10/:/usr/lib/gcc/x86_64-redhat-linux/10/../../../../lib64/:/lib/../lib64/:/usr/lib/../lib64/:/usr/lib/gcc/x86_64-redhat-linux/10/../../../:/lib/:/usr/lib/]
  ignore line: [COLLECT_GCC_OPTIONS='-v' '-o' 'cmTC_18979' '-shared-libgcc' '-mtune=generic' '-march=x86-64']
  link line: [ /usr/libexec/gcc/x86_64-redhat-linux/10/collect2 -plugin /usr/libexec/gcc/x86_64-redhat-linux/10/liblto_plugin.so -plugin-opt=/usr/libexec/gcc/x86_64-redhat-linux/10/lto-wrapper -plugin-opt=-fresolution=/tmp/ccJj4JkY.res -plugin-opt=-pass-through=-lgcc_s -plugin-opt=-pass-through=-lgcc -plugin-opt=-pass-through=-lc -plugin-opt=-pass-through=-lgcc_s -plugin-opt=-pass-through=-lgcc --build-id --no-add-needed --eh-frame-hdr --hash-style=gnu -m elf_x86_64 -dynamic-linker /lib64/ld-linux-x86-64.so.2 -o cmTC_18979 /usr/lib/gcc/x86_64-redhat-linux/10/../../../../lib64/crt1.o /usr/lib/gcc/x86_64-redhat-linux/10/../../../../lib64/crti.o /usr/lib/gcc/x86_64-redhat-linux/10/crtbegin.o -L/usr/lib/gcc/x86_64-redhat-linux/10 -L/usr/lib/gcc/x86_64-redhat-linux/10/../../../../lib64 -L/lib/../lib64 -L/usr/lib/../lib64 -L/usr/lib/gcc/x86_64-redhat-linux/10/../../.. CMakeFiles/cmTC_18979.dir/CMakeCXXCompilerABI.cpp.o -lstdc++ -lm -lgcc_s -lgcc -lc -lgcc_s -lgcc /usr/lib/gcc/x86_64-redhat-linux/10/crtend.o /usr/lib/gcc/x86_64-redhat-linux/10/../../../../lib64/crtn.o]
    arg [/usr/libexec/gcc/x86_64-redhat-linux/10/collect2] ==> ignore
    arg [-plugin] ==> ignore
    arg [/usr/libexec/gcc/x86_64-redhat-linux/10/liblto_plugin.so] ==> ignore
    arg [-plugin-opt=/usr/libexec/gcc/x86_64-redhat-linux/10/lto-wrapper] ==> ignore
    arg [-plugin-opt=-fresolution=/tmp/ccJj4JkY.res] ==> ignore
    arg [-plugin-opt=-pass-through=-lgcc_s] ==> ignore
    arg [-plugin-opt=-pass-through=-lgcc] ==> ignore
    arg [-plugin-opt=-pass-through=-lc] ==> ignore
    arg [-plugin-opt=-pass-through=-lgcc_s] ==> ignore
    arg [-plugin-opt=-pass-through=-lgcc] ==> ignore
    arg [--build-id] ==> ignore
    arg [--no-add-needed] ==> ignore
    arg [--eh-frame-hdr] ==> ignore
    arg [--hash-style=gnu] ==> ignore
    arg [-m] ==> ignore
    arg [elf_x86_64] ==> ignore
    arg [-dynamic-linker] ==> ignore
    arg [/lib64/ld-linux-x86-64.so.2] ==> ignore
    arg [-o] ==> ignore
    arg [cmTC_18979] ==> ignore
    arg [/usr/lib/gcc/x86_64-redhat-linux/10/../../../../lib64/crt1.o] ==> ignore
    arg [/usr/lib/gcc/x86_64-redhat-linux/10/../../../../lib64/crti.o] ==> ignore
    arg [/usr/lib/gcc/x86_64-redhat-linux/10/crtbegin.o] ==> ignore
    arg [-L/usr/lib/gcc/x86_64-redhat-linux/10] ==> dir [/usr/lib/gcc/x86_64-redhat-linux/10]
    arg [-L/usr/lib/gcc/x86_64-redhat-linux/10/../../../../lib64] ==> dir [/usr/lib/gcc/x86_64-redhat-linux/10/../../../../lib64]
    arg [-L/lib/../lib64] ==> dir [/lib/../lib64]
    arg [-L/usr/lib/../lib64] ==> dir [/usr/lib/../lib64]
    arg [-L/usr/lib/gcc/x86_64-redhat-linux/10/../../..] ==> dir [/usr/lib/gcc/x86_64-redhat-linux/10/../../..]
    arg [CMakeFiles/cmTC_18979.dir/CMakeCXXCompilerABI.cpp.o] ==> ignore
    arg [-lstdc++] ==> lib [stdc++]
    arg [-lm] ==> lib [m]
    arg [-lgcc_s] ==> lib [gcc_s]
    arg [-lgcc] ==> lib [gcc]
    arg [-lc] ==> lib [c]
    arg [-lgcc_s] ==> lib [gcc_s]
    arg [-lgcc] ==> lib [gcc]
    arg [/usr/lib/gcc/x86_64-redhat-linux/10/crtend.o] ==> ignore
    arg [/usr/lib/gcc/x86_64-redhat-linux/10/../../../../lib64/crtn.o] ==> ignore
  collapse library dir [/usr/lib/gcc/x86_64-redhat-linux/10] ==> [/usr/lib/gcc/x86_64-redhat-linux/10]
  collapse library dir [/usr/lib/gcc/x86_64-redhat-linux/10/../../../../lib64] ==> [/usr/lib64]
  collapse library dir [/lib/../lib64] ==> [/lib64]
  collapse library dir [/usr/lib/../lib64] ==> [/usr/lib64]
  collapse library dir [/usr/lib/gcc/x86_64-redhat-linux/10/../../..] ==> [/usr/lib]
  implicit libs: [stdc++;m;gcc_s;gcc;c;gcc_s;gcc]
  implicit dirs: [/usr/lib/gcc/x86_64-redhat-linux/10;/usr/lib64;/lib64;/usr/lib]
  implicit fwks: []


The system is: Linux - 5.4.0-42-generic - x86_64
Compiling the C compiler identification source file "CMakeCCompilerId.c" succeeded.
Compiler: /usr/bin/cc 
Build flags: 
Id flags:  

The output was:
0


Compilation of the C compiler identification source "CMakeCCompilerId.c" produced "a.out"

The C compiler identification is GNU, found in "/home/daniel/Git/DGIIM/Primero/2 Cuatrimestre/MP/Ejercicios/RedMetro/cmake-build-debug/CMakeFiles/3.17.3/CompilerIdC/a.out"

Compiling the CXX compiler identification source file "CMakeCXXCompilerId.cpp" succeeded.
Compiler: /usr/bin/c++ 
Build flags: 
Id flags:  

The output was:
0


Compilation of the CXX compiler identification source "CMakeCXXCompilerId.cpp" produced "a.out"

The CXX compiler identification is GNU, found in "/home/daniel/Git/DGIIM/Primero/2 Cuatrimestre/MP/Ejercicios/RedMetro/cmake-build-debug/CMakeFiles/3.17.3/CompilerIdCXX/a.out"

Compiling the C compiler identification source file "CMakeCCompilerId.c" succeeded.
Compiler: /usr/bin/cc 
Build flags: 
Id flags:  

The output was:
0


Compilation of the C compiler identification source "CMakeCCompilerId.c" produced "a.out"

The C compiler identification is GNU, found in "/home/daniel/Git/DGIIM/Primero/2 Cuatrimestre/MP/Ejercicios/RedMetro/cmake-build-debug/CMakeFiles/3.17.3/CompilerIdC/a.out"

Compiling the CXX compiler identification source file "CMakeCXXCompilerId.cpp" succeeded.
Compiler: /usr/bin/c++ 
Build flags: 
Id flags:  

The output was:
0


Compilation of the CXX compiler identification source "CMakeCXXCompilerId.cpp" produced "a.out"

The CXX compiler identification is GNU, found in "/home/daniel/Git/DGIIM/Primero/2 Cuatrimestre/MP/Ejercicios/RedMetro/cmake-build-debug/CMakeFiles/3.17.3/CompilerIdCXX/a.out"

